=/pretest.json
{
  _: [],
  f: [
    '/home/runner/work/exp-control-design-via-pole-placement-for-pendulum-cart-with-precompensator-design-iitkgp/exp-control-design-via-pole-placement-for-pendulum-cart-with-precompensator-design-iitkgp/experiment/pretest.json'
  ],
  files: [
    '/home/runner/work/exp-control-design-via-pole-placement-for-pendulum-cart-with-precompensator-design-iitkgp/exp-control-design-via-pole-placement-for-pendulum-cart-with-precompensator-design-iitkgp/experiment/pretest.json'
  ],
  c: 'assessment',
  contentTypes: 'assessment',
  'content-types': 'assessment',
  '$0': 'validate'
}
Validated true
=/posttest.json
{
  _: [],
  f: [
    '/home/runner/work/exp-control-design-via-pole-placement-for-pendulum-cart-with-precompensator-design-iitkgp/exp-control-design-via-pole-placement-for-pendulum-cart-with-precompensator-design-iitkgp/experiment/posttest.json'
  ],
  files: [
    '/home/runner/work/exp-control-design-via-pole-placement-for-pendulum-cart-with-precompensator-design-iitkgp/exp-control-design-via-pole-placement-for-pendulum-cart-with-precompensator-design-iitkgp/experiment/posttest.json'
  ],
  c: 'assessment',
  contentTypes: 'assessment',
  'content-types': 'assessment',
  '$0': 'validate'
}
Validated true
